<?xml version="1.0" encoding="UTF-8"?>
<!-- Generated by org.testng.reporters.JUnitXMLReporter -->
<testsuite ignored="0" hostname="Cliyona" failures="0" tests="3" name="Default test" time="102.704" errors="0" timestamp="2024-09-11T09:23:20 IST">
  <testcase classname="TestPkg.HomePageTest" name="Home" time="27.849"/>
  <testcase classname="TestPkg.HomePageTest" name="TripIdeas" time="0.286"/>
  <testcase classname="TestPkg.HomePageTest" name="TripMenus" time="3.16"/>
</testsuite> <!-- Default test -->
