<?xml version="1.0" encoding="UTF-8"?>
<testng-results ignored="0" total="1" passed="1" failed="0" skipped="0">
  <reporter-output>
  </reporter-output>
  <suite started-at="2024-08-09T12:31:13 IST" name="Default suite" finished-at="2024-08-09T12:31:41 IST" duration-ms="27735">
    <groups>
    </groups>
    <test started-at="2024-08-09T12:31:13 IST" name="Default test" finished-at="2024-08-09T12:31:41 IST" duration-ms="27735">
      <class name="TestPkg.RegisterTest">
        <test-method is-config="true" signature="setup()[pri:0, instance:TestPkg.RegisterTest@3270d194]" started-at="2024-08-09T12:31:13 IST" name="setup" finished-at="2024-08-09T12:31:15 IST" duration-ms="1477" status="PASS">
          <reporter-output>
          </reporter-output>
        </test-method> <!-- setup -->
        <test-method is-config="true" signature="url()[pri:0, instance:TestPkg.RegisterTest@3270d194]" started-at="2024-08-09T12:31:15 IST" name="url" finished-at="2024-08-09T12:31:40 IST" duration-ms="25392" status="PASS">
          <reporter-output>
          </reporter-output>
        </test-method> <!-- url -->
        <test-method signature="testlogin()[pri:0, instance:TestPkg.RegisterTest@3270d194]" started-at="2024-08-09T12:31:40 IST" name="testlogin" finished-at="2024-08-09T12:31:41 IST" duration-ms="824" status="PASS">
          <reporter-output>
          </reporter-output>
        </test-method> <!-- testlogin -->
      </class> <!-- TestPkg.RegisterTest -->
    </test> <!-- Default test -->
  </suite> <!-- Default suite -->
</testng-results>
